buddy_app/build/app/intermediates/manifest_merge_blame_file/debug/manifest-merger-blame-debug-report.txt
1<?xml version="1.0" encoding="utf-8"?>
2<manifest xmlns:android="http://schemas.android.com/apk/res/android"
3    package="buddy.example.com.buddy_app"
4    android:versionCode="1"
5    android:versionName="1.0.0" >
6
7    <uses-sdk
8        android:minSdkVersion="16"
9        android:targetSdkVersion="28" />
10    <!--
11         Flutter needs it to communicate with the running application
12         to allow setting breakpoints, to provide hot reload, etc.
13    -->
14    <uses-permission android:name="android.permission.INTERNET" />
14-->src/debug/AndroidManifest.xml:6:5-66
14-->src/debug/AndroidManifest.xml:6:22-64
15    <uses-permission android:name="android.permission.ACCESS_NETWORK_STATE" />
15-->[com.google.firebase:firebase-measurement-connector-impl:17.0.2] AndroidManifest.xml:23:5-79
15-->[com.google.firebase:firebase-measurement-connector-impl:17.0.2] AndroidManifest.xml:23:22-76
16    <uses-permission android:name="android.permission.WAKE_LOCK" />
16-->[com.google.firebase:firebase-measurement-connector-impl:17.0.2] AndroidManifest.xml:24:5-68
16-->[com.google.firebase:firebase-measurement-connector-impl:17.0.2] AndroidManifest.xml:24:22-65
17    <uses-permission android:name="com.google.android.finsky.permission.BIND_GET_INSTALL_REFERRER_SERVICE" /> <!-- Required by older versions of Google Play services to create IID tokens -->
17-->[com.google.android.gms:play-services-measurement:17.2.2] AndroidManifest.xml:26:5-110
17-->[com.google.android.gms:play-services-measurement:17.2.2] AndroidManifest.xml:26:22-107
18    <uses-permission android:name="com.google.android.c2dm.permission.RECEIVE" />
18-->[com.google.firebase:firebase-iid:20.0.2] AndroidManifest.xml:26:5-82
18-->[com.google.firebase:firebase-iid:20.0.2] AndroidManifest.xml:26:22-79
19    <!--
20 io.flutter.app.FlutterApplication is an android.app.Application that
21         calls FlutterMain.startInitialization(this); in its onCreate method.
22         In most cases you can leave this as-is, but you if you want to provide
23         additional functionality it is fine to subclass or reimplement
24         FlutterApplication and put your custom class here.
25    -->
26    <application
26-->src/main/AndroidManifest.xml:8:5-29:19
27        android:name="io.flutter.app.FlutterApplication"
27-->src/main/AndroidManifest.xml:9:9-57
28        android:appComponentFactory="androidx.core.app.CoreComponentFactory"
28-->[androidx.core:core:1.1.0] AndroidManifest.xml:24:18-86
29        android:debuggable="true"
30        android:icon="@mipmap/ic_launcher"
30-->src/main/AndroidManifest.xml:11:9-43
31        android:label="buddy_app" >
31-->src/main/AndroidManifest.xml:10:9-34
32        <activity
32-->src/main/AndroidManifest.xml:12:9-23:20
33            android:name="buddy.example.com.buddy_app.MainActivity"
33-->src/main/AndroidManifest.xml:13:13-41
34            android:configChanges="orientation|keyboardHidden|keyboard|screenSize|smallestScreenSize|locale|layoutDirection|fontScale|screenLayout|density|uiMode"
34-->src/main/AndroidManifest.xml:16:13-163
35            android:hardwareAccelerated="true"
35-->src/main/AndroidManifest.xml:17:13-47
36            android:launchMode="singleTop"
36-->src/main/AndroidManifest.xml:14:13-43
37            android:theme="@style/LaunchTheme"
37-->src/main/AndroidManifest.xml:15:13-47
38            android:windowSoftInputMode="adjustResize" >
38-->src/main/AndroidManifest.xml:18:13-55
39            <intent-filter>
39-->src/main/AndroidManifest.xml:19:13-22:29
40                <action android:name="android.intent.action.MAIN" />
40-->src/main/AndroidManifest.xml:20:17-68
40-->src/main/AndroidManifest.xml:20:25-66
41
42                <category android:name="android.intent.category.LAUNCHER" />
42-->src/main/AndroidManifest.xml:21:17-76
42-->src/main/AndroidManifest.xml:21:27-74
43            </intent-filter>
44        </activity>
45        <!--
46             Don't delete the meta-data below.
47             This is used by the Flutter tool to generate GeneratedPluginRegistrant.java
48        -->
49        <meta-data
49-->src/main/AndroidManifest.xml:26:9-28:33
50            android:name="flutterEmbedding"
50-->src/main/AndroidManifest.xml:27:13-44
51            android:value="2" />
51-->src/main/AndroidManifest.xml:28:13-30
52
53        <service
53-->[com.google.firebase:firebase-measurement-connector-impl:17.0.2] AndroidManifest.xml:27:9-31:19
54            android:name="com.google.firebase.components.ComponentDiscoveryService"
54-->[com.google.firebase:firebase-measurement-connector-impl:17.0.2] AndroidManifest.xml:27:18-89
55            android:directBootAware="true"
55-->[com.google.firebase:firebase-common:19.3.0] AndroidManifest.xml:34:13-43
56            android:exported="false" >
56-->[com.google.android.gms:play-services-measurement-api:17.2.2] AndroidManifest.xml:29:13-37
57            <meta-data
57-->[com.google.firebase:firebase-measurement-connector-impl:17.0.2] AndroidManifest.xml:28:13-30:85
58                android:name="com.google.firebase.components:com.google.firebase.analytics.connector.internal.AnalyticsConnectorRegistrar"
58-->[com.google.firebase:firebase-measurement-connector-impl:17.0.2] AndroidManifest.xml:29:17-139
59                android:value="com.google.firebase.components.ComponentRegistrar" />
59-->[com.google.firebase:firebase-measurement-connector-impl:17.0.2] AndroidManifest.xml:30:17-82
60            <meta-data
60-->[com.google.firebase:firebase-auth:16.0.5] AndroidManifest.xml:36:13-38:85
61                android:name="com.google.firebase.components:com.google.firebase.auth.FirebaseAuthRegistrar"
61-->[com.google.firebase:firebase-auth:16.0.5] AndroidManifest.xml:37:17-109
62                android:value="com.google.firebase.components.ComponentRegistrar" />
62-->[com.google.firebase:firebase-auth:16.0.5] AndroidManifest.xml:38:17-82
63            <meta-data
63-->[com.google.firebase:firebase-firestore:18.2.0] AndroidManifest.xml:18:13-20:85
64                android:name="com.google.firebase.components:com.google.firebase.firestore.FirestoreRegistrar"
64-->[com.google.firebase:firebase-firestore:18.2.0] AndroidManifest.xml:19:17-111
65                android:value="com.google.firebase.components.ComponentRegistrar" />
65-->[com.google.firebase:firebase-firestore:18.2.0] AndroidManifest.xml:20:17-82
66            <meta-data
66-->[com.google.firebase:firebase-iid:20.0.2] AndroidManifest.xml:32:13-34:85
67                android:name="com.google.firebase.components:com.google.firebase.iid.Registrar"
67-->[com.google.firebase:firebase-iid:20.0.2] AndroidManifest.xml:33:17-96
68                android:value="com.google.firebase.components.ComponentRegistrar" />
68-->[com.google.firebase:firebase-iid:20.0.2] AndroidManifest.xml:34:17-82
69        </service>
70
71        <receiver
71-->[com.google.android.gms:play-services-measurement:17.2.2] AndroidManifest.xml:29:9-33:20
72            android:name="com.google.android.gms.measurement.AppMeasurementReceiver"
72-->[com.google.android.gms:play-services-measurement:17.2.2] AndroidManifest.xml:30:13-85
73            android:enabled="true"
73-->[com.google.android.gms:play-services-measurement:17.2.2] AndroidManifest.xml:31:13-35
74            android:exported="false" >
74-->[com.google.android.gms:play-services-measurement:17.2.2] AndroidManifest.xml:32:13-37
75        </receiver>
76        <receiver
76-->[com.google.android.gms:play-services-measurement:17.2.2] AndroidManifest.xml:34:9-42:20
77            android:name="com.google.android.gms.measurement.AppMeasurementInstallReferrerReceiver"
77-->[com.google.android.gms:play-services-measurement:17.2.2] AndroidManifest.xml:35:13-100
78            android:enabled="true"
78-->[com.google.android.gms:play-services-measurement:17.2.2] AndroidManifest.xml:36:13-35
79            android:exported="true"
79-->[com.google.android.gms:play-services-measurement:17.2.2] AndroidManifest.xml:37:13-36
80            android:permission="android.permission.INSTALL_PACKAGES" >
80-->[com.google.android.gms:play-services-measurement:17.2.2] AndroidManifest.xml:38:13-69
81            <intent-filter>
81-->[com.google.android.gms:play-services-measurement:17.2.2] AndroidManifest.xml:39:13-41:29
82                <action android:name="com.android.vending.INSTALL_REFERRER" />
82-->[com.google.android.gms:play-services-measurement:17.2.2] AndroidManifest.xml:40:17-79
82-->[com.google.android.gms:play-services-measurement:17.2.2] AndroidManifest.xml:40:25-76
83            </intent-filter>
84        </receiver>
85
86        <service
86-->[com.google.android.gms:play-services-measurement:17.2.2] AndroidManifest.xml:44:9-47:40
87            android:name="com.google.android.gms.measurement.AppMeasurementService"
87-->[com.google.android.gms:play-services-measurement:17.2.2] AndroidManifest.xml:45:13-84
88            android:enabled="true"
88-->[com.google.android.gms:play-services-measurement:17.2.2] AndroidManifest.xml:46:13-35
89            android:exported="false" />
89-->[com.google.android.gms:play-services-measurement:17.2.2] AndroidManifest.xml:47:13-37
90        <service
90-->[com.google.android.gms:play-services-measurement:17.2.2] AndroidManifest.xml:48:9-52:72
91            android:name="com.google.android.gms.measurement.AppMeasurementJobService"
91-->[com.google.android.gms:play-services-measurement:17.2.2] AndroidManifest.xml:49:13-87
92            android:enabled="true"
92-->[com.google.android.gms:play-services-measurement:17.2.2] AndroidManifest.xml:50:13-35
93            android:exported="false"
93-->[com.google.android.gms:play-services-measurement:17.2.2] AndroidManifest.xml:51:13-37
94            android:permission="android.permission.BIND_JOB_SERVICE" />
94-->[com.google.android.gms:play-services-measurement:17.2.2] AndroidManifest.xml:52:13-69
95
96        <activity
96-->[com.google.firebase:firebase-auth:16.0.5] AndroidManifest.xml:24:9-31:50
97            android:name="com.google.firebase.auth.internal.FederatedSignInActivity"
97-->[com.google.firebase:firebase-auth:16.0.5] AndroidManifest.xml:25:13-85
98            android:excludeFromRecents="true"
98-->[com.google.firebase:firebase-auth:16.0.5] AndroidManifest.xml:26:13-46
99            android:exported="true"
99-->[com.google.firebase:firebase-auth:16.0.5] AndroidManifest.xml:27:13-36
100            android:launchMode="singleTask"
100-->[com.google.firebase:firebase-auth:16.0.5] AndroidManifest.xml:28:13-44
101            android:permission="com.google.firebase.auth.api.gms.permission.LAUNCH_FEDERATED_SIGN_IN"
101-->[com.google.firebase:firebase-auth:16.0.5] AndroidManifest.xml:29:13-102
102            android:theme="@android:style/Theme.Translucent.NoTitleBar" />
102-->[com.google.firebase:firebase-auth:16.0.5] AndroidManifest.xml:30:13-72
103
104        <receiver
104-->[com.google.firebase:firebase-iid:20.0.2] AndroidManifest.xml:37:9-44:20
105            android:name="com.google.firebase.iid.FirebaseInstanceIdReceiver"
105-->[com.google.firebase:firebase-iid:20.0.2] AndroidManifest.xml:38:13-78
106            android:exported="true"
106-->[com.google.firebase:firebase-iid:20.0.2] AndroidManifest.xml:39:13-36
107            android:permission="com.google.android.c2dm.permission.SEND" >
107-->[com.google.firebase:firebase-iid:20.0.2] AndroidManifest.xml:40:13-73
108            <intent-filter>
108-->[com.google.firebase:firebase-iid:20.0.2] AndroidManifest.xml:41:13-43:29
109                <action android:name="com.google.android.c2dm.intent.RECEIVE" />
109-->[com.google.firebase:firebase-iid:20.0.2] AndroidManifest.xml:42:17-81
109-->[com.google.firebase:firebase-iid:20.0.2] AndroidManifest.xml:42:25-78
110            </intent-filter>
111        </receiver>
112
113        <provider
113-->[com.google.firebase:firebase-common:19.3.0] AndroidManifest.xml:26:9-30:39
114            android:name="com.google.firebase.provider.FirebaseInitProvider"
114-->[com.google.firebase:firebase-common:19.3.0] AndroidManifest.xml:27:13-77
115            android:authorities="buddy.example.com.buddy_app.firebaseinitprovider"
115-->[com.google.firebase:firebase-common:19.3.0] AndroidManifest.xml:28:13-72
116            android:exported="false"
116-->[com.google.firebase:firebase-common:19.3.0] AndroidManifest.xml:29:13-37
117            android:initOrder="100" />
117-->[com.google.firebase:firebase-common:19.3.0] AndroidManifest.xml:30:13-36
118
119        <activity
119-->[com.google.android.gms:play-services-base:17.0.0] AndroidManifest.xml:23:9-26:75
120            android:name="com.google.android.gms.common.api.GoogleApiActivity"
120-->[com.google.android.gms:play-services-base:17.0.0] AndroidManifest.xml:24:13-79
121            android:exported="false"
121-->[com.google.android.gms:play-services-base:17.0.0] AndroidManifest.xml:25:13-37
122            android:theme="@android:style/Theme.Translucent.NoTitleBar" />
122-->[com.google.android.gms:play-services-base:17.0.0] AndroidManifest.xml:26:13-72
123
124        <meta-data
124-->[com.google.android.gms:play-services-basement:17.0.0] AndroidManifest.xml:23:9-25:69
125            android:name="com.google.android.gms.version"
125-->[com.google.android.gms:play-services-basement:17.0.0] AndroidManifest.xml:24:13-58
126            android:value="@integer/google_play_services_version" />
126-->[com.google.android.gms:play-services-basement:17.0.0] AndroidManifest.xml:25:13-66
127    </application>
128
129</manifest>